<?xml version="1.0" encoding="UTF-8"?>
<!-- Generated by org.testng.reporters.JUnitReportReporter -->
<testsuite hostname="BRL0068" name="scripts.Homeshop18" tests="4" failures="0" timestamp="24 Mar 2015 05:04:57 GMT" time="138.311" errors="0">
  <testcase name="personalInformationDetils" time="39.123" classname="scripts.Homeshop18"/>
  <testcase name="loginTest" time="57.362" classname="scripts.Homeshop18"/>
  <testcase name="Logout" time="11.994" classname="scripts.Homeshop18"/>
  <testcase name="allCategories" time="29.832" classname="scripts.Homeshop18"/>
</testsuite> <!-- scripts.Homeshop18 -->
